
-----
Test: tests/test_search.py::test_search_1 (call)
Start time: 2023-09-22 10:46:11.928783
Start name method: search_caps

End time: 2023-09-22 10:46:28.639755
End name method: search_caps
URL: https://sportpoint.ru/catalog/?q=%D0%9A%D0%B5%D0%BF%D0%BA%D0%B8&s=

-----

-----
Test: tests/test_search.py::test_search_2 (call)
Start time: 2023-09-22 10:46:43.740221
Start name method: search_accessories

End time: 2023-09-22 10:47:12.744124
End name method: search_accessories
URL: https://sportpoint.ru/catalog/?q=%D0%90%D0%BA%D1%81%D0%B5%D1%81%D1%81%D1%83%D0%B0%D1%80%D1%8B&s=

-----

-----
Test: tests/test_search.py::test_search_3 (call)
Start time: 2023-09-22 10:47:23.747570
Start name method: search_scarves

End time: 2023-09-22 10:47:48.568097
End name method: search_scarves
URL: https://sportpoint.ru/catalog/?q=%D0%A8%D0%B0%D1%80%D1%84%D1%8B&s=

-----
