
-----
Test: tests/test_buy_product.py::test_buy_product (call)
Start time: 2023-09-21 12:35:47.070605
Start name method: select_men

End time: 2023-09-21 12:36:23.473669
End name method: select_men
URL: https://sportpoint.ru/

-----

-----
Test: tests/test_buy_product.py::test_buy_product (call)
Start time: 2023-09-21 12:36:23.473669
Start name method: select_sneakers_new_balance

End time: 2023-09-21 12:36:57.958894
End name method: select_sneakers_new_balance
URL: https://sportpoint.ru/basket/

-----

-----
Test: tests/test_buy_product.py::test_buy_product (call)
Start time: 2023-09-21 12:36:57.958894
Start name method: select_proceed_to_checkout

